This file contains any messages produced by compilers while
running configure, to aid debugging if configure makes a mistake.

It was created by nceplibs sigio configure v2.0.1, which was
generated by GNU Autoconf 2.63.  Invocation command line was

  $ ./configure --prefix=/nwprod/lib/sorc/sigio_v2.0.1

## --------- ##
## Platform. ##
## --------- ##

hostname = g14a1
uname -m = x86_64
uname -r = 2.6.32-358.23.2.el6.x86_64
uname -s = Linux
uname -v = #1 SMP Sat Sep 14 05:32:37 EDT 2013

/usr/bin/uname -p = unknown
/bin/uname -X     = unknown

/bin/arch              = x86_64
/usr/bin/arch -k       = unknown
/usr/convex/getsysinfo = unknown
/usr/bin/hostinfo      = unknown
/bin/machine           = unknown
/usr/bin/oslevel       = unknown
/bin/universe          = unknown

PATH: .
PATH: /usrx/local/HDF5/1.8.9/serial/bin
PATH: /usrx/local/hpss
PATH: /usrx/local/lsf/9.1/linux2.6-glibc2.3-x86_64/etc
PATH: /usrx/local/lsf/9.1/linux2.6-glibc2.3-x86_64/bin
PATH: /usrx/local/intel/icsxe/2012.0.032/bin
PATH: /usrx/local/intel/vtune_amplifier_xe_2011/bin64
PATH: /usrx/local/intel/inspector_xe_2011/bin64
PATH: /usrx/local/intel/itac/8.0.3.007/bin
PATH: /usrx/local/intel/impi/4.0.3.008/intel64/bin
PATH: /usrx/local/intel/composer_xe_2011_sp1.11.339/bin/intel64
PATH: /opt/ibmhpc/pe1307/base/bin
PATH: /sbin
PATH: /bin
PATH: /usr/sbin
PATH: /usr/bin
PATH: /usr/local/sbin
PATH: /opt/ibutils/bin
PATH: /usrx/local/intel/composer_xe_2011_sp1.11.339/mpirt/bin/intel64
PATH: /u/nwprod/bin
PATH: /nwprod/ecflow/


## ----------- ##
## Core tests. ##
## ----------- ##

configure:1743: nceplibs sigio v2.0.1
configure:1863: checking for Fortran compiler version
configure:1871: ifort --version >&5
ifort (IFORT) 12.1.5 20120612
Copyright (C) 1985-2012 Intel Corporation.  All rights reserved.

configure:1875: $? = 0
configure:1882: ifort -v >&5
ifort version 12.1.5
configure:1886: $? = 0
configure:1893: ifort -V >&5
Intel(R) Fortran Intel(R) 64 Compiler XE for applications running on Intel(R) 64, Version 12.1.5.339 Build 20120612
Copyright (C) 1985-2012 Intel Corporation.  All rights reserved.

configure:1897: $? = 0
configure:1911: checking for Fortran compiler default output file name
configure:1933: ifort -O2 -g -xHOST -traceback -free -convert big_endian -assume byterecl   conftest.f  >&5
configure:1937: $? = 0
configure:1975: result: a.out
configure:1994: checking whether the Fortran compiler works
configure:2004: ./a.out
configure:2008: $? = 0
configure:2027: result: yes
configure:2034: checking whether we are cross compiling
configure:2036: result: no
configure:2039: checking for suffix of executables
configure:2046: ifort -o conftest -O2 -g -xHOST -traceback -free -convert big_endian -assume byterecl   conftest.f  >&5
configure:2050: $? = 0
configure:2076: result: 
configure:2082: checking for suffix of object files
configure:2098: ifort -c -O2 -g -xHOST -traceback -free -convert big_endian -assume byterecl  conftest.f >&5
configure:2102: $? = 0
configure:2127: result: o
configure:2135: checking whether we are using the GNU Fortran compiler
configure:2154: ifort -c -O2 -g -xHOST -traceback -free -convert big_endian -assume byterecl  conftest.F >&5
conftest.F(3): error #5082: Syntax error, found IDENTIFIER 'ME' when expecting one of: ( % [ : . = =>
       choke me
-------------^
compilation aborted for conftest.F (code 1)
configure:2161: $? = 1
configure: failed program was:
|       program main
| #ifndef __GNUC__
|        choke me
| #endif
| 
|       end
configure:2178: result: no
configure:2184: checking whether ifort accepts -g
configure:2201: ifort -c -g  conftest.f >&5
configure:2208: $? = 0
configure:2224: result: yes
configure:2293: checking for a BSD-compatible install
configure:2361: result: /usr/bin/install -c
configure:2415: checking for ar
configure:2431: found /usr/bin/ar
configure:2442: result: ar
configure:2507: checking for ranlib
configure:2523: found /usr/bin/ranlib
configure:2534: result: ranlib
configure:2572: checking for Fortran flag needed to allow free-form source
configure:2597: ifort -c -O2 -g -xHOST -traceback -free -convert big_endian -assume byterecl  conftest.f >&5
configure:2604: $? = 0
configure:2623: result: none
configure:2644: checking for Fortran flag to compile .f files
configure:2666: ifort -c -O2 -g -xHOST -traceback -free -convert big_endian -assume byterecl  conftest.f >&5
configure:2673: $? = 0
configure:2692: result: none
configure:2854: creating ./config.status

## ---------------------- ##
## Running config.status. ##
## ---------------------- ##

This file was extended by nceplibs sigio config.status v2.0.1, which was
generated by GNU Autoconf 2.63.  Invocation command line was

  CONFIG_FILES    = 
  CONFIG_HEADERS  = 
  CONFIG_LINKS    = 
  CONFIG_COMMANDS = 
  $ ./config.status 

on g14a1

config.status:649: creating Makefile
config.status:649: creating libsrc/Makefile

## ---------------- ##
## Cache variables. ##
## ---------------- ##

ac_cv_env_FCFLAGS_set=set
ac_cv_env_FCFLAGS_value='-O2 -g -xHOST -traceback -free -convert big_endian -assume byterecl'
ac_cv_env_FC_set=set
ac_cv_env_FC_value=ifort
ac_cv_env_LDFLAGS_set=
ac_cv_env_LDFLAGS_value=
ac_cv_env_LIBS_set=
ac_cv_env_LIBS_value=
ac_cv_env_build_alias_set=
ac_cv_env_build_alias_value=
ac_cv_env_host_alias_set=
ac_cv_env_host_alias_value=
ac_cv_env_target_alias_set=
ac_cv_env_target_alias_value=
ac_cv_fc_compiler_gnu=no
ac_cv_fc_freeform=none
ac_cv_fc_srcext_f=none
ac_cv_objext=o
ac_cv_path_install='/usr/bin/install -c'
ac_cv_prog_ac_ct_AR=ar
ac_cv_prog_ac_ct_RANLIB=ranlib
ac_cv_prog_fc_g=yes

## ----------------- ##
## Output variables. ##
## ----------------- ##

AR='ar'
ARFLAGS='crvs'
DEFS='-DPACKAGE_NAME=\"nceplibs\ sigio\" -DPACKAGE_TARNAME=\"sigio\" -DPACKAGE_VERSION=\"v2.0.1\" -DPACKAGE_STRING=\"nceplibs\ sigio\ v2.0.1\" -DPACKAGE_BUGREPORT=\"ncep.list.emc.nceplibs.support@noaa.gov\"'
ECHO_C=''
ECHO_N='-n'
ECHO_T=''
EXEEXT=''
FC='ifort'
FCFLAGS='-O2 -g -xHOST -traceback -free -convert big_endian -assume byterecl'
FCFLAGS_f=''
INSTALL_DATA='${INSTALL} -m 644'
INSTALL_PROGRAM='${INSTALL}'
INSTALL_SCRIPT='${INSTALL}'
LDFLAGS=''
LIBOBJS=''
LIBS=''
LTLIBOBJS=''
OBJEXT='o'
PACKAGE_BUGREPORT='ncep.list.emc.nceplibs.support@noaa.gov'
PACKAGE_NAME='nceplibs sigio'
PACKAGE_STRING='nceplibs sigio v2.0.1'
PACKAGE_TARNAME='sigio'
PACKAGE_VERSION='v2.0.1'
PATH_SEPARATOR=':'
RANLIB='ranlib'
SHELL='/bin/sh'
ac_ct_FC=''
bindir='${exec_prefix}/bin'
build_alias=''
datadir='${datarootdir}'
datarootdir='${prefix}/share'
docdir='${datarootdir}/doc/${PACKAGE_TARNAME}'
dvidir='${docdir}'
exec_prefix='${prefix}'
host_alias=''
htmldir='${docdir}'
includedir='${prefix}/include'
infodir='${datarootdir}/info'
libdir='${exec_prefix}/lib'
libexecdir='${exec_prefix}/libexec'
localedir='${datarootdir}/locale'
localstatedir='${prefix}/var'
mandir='${datarootdir}/man'
oldincludedir='/usr/include'
pdfdir='${docdir}'
prefix='/nwprod/lib/sorc/sigio_v2.0.1'
program_transform_name='s,x,x,'
psdir='${docdir}'
sbindir='${exec_prefix}/sbin'
sharedstatedir='${prefix}/com'
sysconfdir='${prefix}/etc'
target_alias=''

## ----------- ##
## confdefs.h. ##
## ----------- ##

#define PACKAGE_NAME "nceplibs sigio"
#define PACKAGE_TARNAME "sigio"
#define PACKAGE_VERSION "v2.0.1"
#define PACKAGE_STRING "nceplibs sigio v2.0.1"
#define PACKAGE_BUGREPORT "ncep.list.emc.nceplibs.support@noaa.gov"

configure: exit 0

## ---------------------- ##
## Running config.status. ##
## ---------------------- ##

This file was extended by nceplibs sigio config.status v2.0.1, which was
generated by GNU Autoconf 2.63.  Invocation command line was

  CONFIG_FILES    = 
  CONFIG_HEADERS  = 
  CONFIG_LINKS    = 
  CONFIG_COMMANDS = 
  $ ./config.status libsrc/Makefile

on tfe09

config.status:649: creating libsrc/Makefile
